<?xml version="1.0" encoding="UTF-8"?>
<!-- Generated by org.testng.reporters.JUnitReportReporter -->
<testsuite hostname="DESKTOP-G6K9564" failures="0" tests="2" name="com.automation.tests.HomePageTests" time="21.098" errors="0" timestamp="17 Dec 2021 20:53:07 GMT" skipped="0">
  <testcase classname="com.automation.tests.HomePageTests" name="verify_Login_Successful" time="11.789"/>
  <testcase classname="com.automation.tests.HomePageTests" name="verify_Login_Successful" time="9.309"/>
</testsuite> <!-- com.automation.tests.HomePageTests -->
