<?xml version="1.0" encoding="UTF-8"?>
<!-- Generated by org.testng.reporters.JUnitReportReporter -->
<testsuite hostname="DESKTOP-G6K9564" failures="0" tests="2" name="com.automation.tests.HomePageTests" time="17.057" errors="0" timestamp="27 Nov 2021 23:53:45 GMT" skipped="0">
  <testcase classname="com.automation.tests.HomePageTests" name="verify_Login_Successful" time="9.408"/>
  <testcase classname="com.automation.tests.HomePageTests" name="verify_Login_Successful" time="7.649"/>
</testsuite> <!-- com.automation.tests.HomePageTests -->
