<?xml version="1.0" encoding="UTF-8"?>
<!-- Generated by org.testng.reporters.JUnitReportReporter -->
<testsuite hostname="DESKTOP-G6K9564" failures="0" tests="2" name="com.automation.tests.HomePageTests" time="20.477" errors="0" timestamp="2021-12-18T23:46:17 IST" skipped="0">
  <testcase classname="com.automation.tests.HomePageTests" name="verify_Login_Successful" time="9.705"/>
  <system-out/>
  <testcase classname="com.automation.tests.HomePageTests" name="verify_Login_Successful" time="10.772"/>
  <system-out/>
</testsuite> <!-- com.automation.tests.HomePageTests -->
