<?xml version="1.0" encoding="UTF-8"?>
<!-- Generated by org.testng.reporters.JUnitReportReporter -->
<testsuite hostname="DESKTOP-G6K9564" failures="0" tests="2" name="com.automation.testcases.HomePageTests" time="19.733" errors="0" timestamp="27 Nov 2021 22:45:30 GMT" skipped="0">
  <testcase classname="com.automation.testcases.HomePageTests" name="verify_Login_Successful" time="9.893"/>
  <testcase classname="com.automation.testcases.HomePageTests" name="verify_Login_Successful" time="9.840"/>
</testsuite> <!-- com.automation.testcases.HomePageTests -->
