<?xml version="1.0" encoding="UTF-8"?>
<!-- Generated by org.testng.reporters.JUnitReportReporter -->
<testsuite hostname="DESKTOP-G6K9564" failures="0" tests="1" name="com.automation.testcases.LoginTests" time="5.363" errors="0" timestamp="24 Nov 2021 19:36:11 GMT" skipped="0">
  <testcase classname="com.automation.testcases.LoginTests" name="verify_Is_Login_Successful" time="5.363"/>
</testsuite> <!-- com.automation.testcases.LoginTests -->
