<?xml version="1.0" encoding="UTF-8"?>
<!-- Generated by org.testng.reporters.JUnitReportReporter -->
<testsuite hostname="DESKTOP-G6K9564" failures="0" tests="1" name="com.automation.tests.RegistrationTests" time="13.843" errors="0" timestamp="2021-12-18T23:44:37 IST" skipped="0">
  <testcase classname="com.automation.tests.RegistrationTests" name="verify_Registration_Successful" time="13.843"/>
  <system-out/>
</testsuite> <!-- com.automation.tests.RegistrationTests -->
