<?xml version="1.0" encoding="UTF-8"?>
<!-- Generated by org.testng.reporters.JUnitReportReporter -->
<testsuite hostname="DESKTOP-G6K9564" failures="0" tests="2" name="com.automation.tests.HomePageTests" time="25.542" errors="0" timestamp="2022-01-03T00:45:08 IST" skipped="0">
  <testcase classname="com.automation.tests.HomePageTests" name="verify_Login_Successful" time="13.389"/>
  <system-out/>
  <testcase classname="com.automation.tests.HomePageTests" name="verify_Login_Successful" time="12.153"/>
  <system-out/>
</testsuite> <!-- com.automation.tests.HomePageTests -->
