<?xml version="1.0" encoding="UTF-8"?>
<!-- Generated by org.testng.reporters.JUnitReportReporter -->
<testsuite hostname="DESKTOP-G6K9564" failures="0" tests="2" name="com.automation.testcases.HomePageTests" time="20.430" errors="0" timestamp="27 Nov 2021 23:32:35 GMT" skipped="0">
  <testcase classname="com.automation.testcases.HomePageTests" name="verify_Login_Successful" time="11.496"/>
  <testcase classname="com.automation.testcases.HomePageTests" name="verify_Login_Successful" time="8.934"/>
</testsuite> <!-- com.automation.testcases.HomePageTests -->
